Arguments: 
  /usr/local/bin/node /usr/local/bin/yarn start

PATH: 
  /usr/local/bin:/usr/bin:/bin:/usr/sbin:/sbin:/usr/local/share/dotnet:/opt/X11/bin:/Library/Frameworks/Mono.framework/Versions/Current/Commands:/Applications/Xamarin Workbooks.app/Contents/SharedSupport/path-bin

Yarn version: 
  1.5.1

Node version: 
  12.14.1

Platform: 
  darwin x64

npm manifest: 
  {
    "name": "twitter-clone",
    "version": "0.1.0",
    "private": true,
    "dependencies": {
      "@material-ui/core": "^4.11.0",
      "@material-ui/icons": "^4.9.1",
      "@testing-library/jest-dom": "^4.2.4",
      "@testing-library/react": "^9.5.0",
      "@testing-library/user-event": "^7.2.1",
      "firebase": "^7.17.2",
      "react": "^16.13.1",
      "react-dom": "^16.13.1",
      "react-flip-move": "^3.0.4",
      "react-scripts": "3.4.1",
      "react-twitter-embed": "^3.0.3"
    },
    "scripts": {
      "start": "react-scripts start",
      "build": "react-scripts build",
      "test": "react-scripts test",
      "eject": "react-scripts eject"
    },
    "eslintConfig": {
      "extends": "react-app"
    },
    "browserslist": {
      "production": [
        ">0.2%",
        "not dead",
        "not op_mini all"
      ],
      "development": [
        "last 1 chrome version",
        "last 1 firefox version",
        "last 1 safari version"
      ]
    }
  }

yarn manifest: 
  No manifest

Lockfile: 
  No lockfile

Trace: 
  Error: Command failed.
  Exit code: 127
  Command: sh
  Arguments: -c react-scripts start
  Directory: /Users/franciscoviray/Desktop/twitter-clone
  Output:
  
      at ProcessTermError.MessageError (/usr/local/lib/node_modules/yarn/lib/cli.js:186:110)
      at new ProcessTermError (/usr/local/lib/node_modules/yarn/lib/cli.js:226:113)
      at ChildProcess.<anonymous> (/usr/local/lib/node_modules/yarn/lib/cli.js:30281:17)
      at ChildProcess.emit (events.js:223:5)
      at maybeClose (internal/child_process.js:1021:16)
      at Process.ChildProcess._handle.onexit (internal/child_process.js:283:5)
